#
# There is insufficient memory for the Java Runtime Environment to continue.
# Native memory allocation (mmap) failed to map 268435456 bytes for G1 virtual space
# Possible reasons:
#   The system is out of physical RAM or swap space
#   The process is running with CompressedOops enabled, and the Java Heap may be blocking the growth of the native heap
# Possible solutions:
#   Reduce memory load on the system
#   Increase physical memory or swap space
#   Check if swap backing store is full
#   Decrease Java heap size (-Xmx/-Xms)
#   Decrease number of Java threads
#   Decrease Java thread stack sizes (-Xss)
#   Set larger code cache with -XX:ReservedCodeCacheSize=
#   JVM is running with Zero Based Compressed Oops mode in which the Java heap is
#     placed in the first 32GB address space. The Java Heap base address is the
#     maximum limit for the native heap growth. Please use -XX:HeapBaseMinAddress
#     to set the Java Heap base and to place the Java Heap above 32GB virtual address.
# This output file may be truncated or incomplete.
#
#  Out of Memory Error (os_windows.cpp:3769), pid=7164, tid=12712
#
# JRE version:  (17.0.6) (build )
# Java VM: OpenJDK 64-Bit Server VM (17.0.6+0-b2043.56-10027231, mixed mode, sharing, tiered, compressed oops, compressed class ptrs, g1 gc, windows-amd64)
# No core dump will be written. Minidumps are not enabled by default on client versions of Windows
#

---------------  S U M M A R Y ------------

Command Line: git4idea.http.GitAskPassApp Username for 'https://github.com': 

Host: Intel(R) Core(TM) i5-3470 CPU @ 3.20GHz, 4 cores, 15G,  Windows 10 , 64 bit Build 19041 (10.0.19041.3636)
Time: Thu May  9 11:18:34 2024 Hora de verano romance elapsed time: 0.014997 seconds (0d 0h 0m 0s)

---------------  T H R E A D  ---------------

Current thread (0x000001884c107bf0):  JavaThread "Unknown thread" [_thread_in_vm, id=12712, stack(0x0000004dcb800000,0x0000004dcb900000)]

Stack: [0x0000004dcb800000,0x0000004dcb900000]
Native frames: (J=compiled Java code, j=interpreted, Vv=VM code, C=native code)
V  [jvm.dll+0x683c9a]
V  [jvm.dll+0x8427a4]
V  [jvm.dll+0x843f9e]
V  [jvm.dll+0x844603]
V  [jvm.dll+0x249b75]
V  [jvm.dll+0x680b69]
V  [jvm.dll+0x67505a]
V  [jvm.dll+0x309acb]
V  [jvm.dll+0x310f86]
V  [jvm.dll+0x3608ee]
V  [jvm.dll+0x360b1f]
V  [jvm.dll+0x2dfbf8]
V  [jvm.dll+0x2e0b64]
V  [jvm.dll+0x814091]
V  [jvm.dll+0x36e6a1]
V  [jvm.dll+0x7f35cc]
V  [jvm.dll+0x3f0e8f]
V  [jvm.dll+0x3f29d1]
C  [jli.dll+0x526b]
C  [ucrtbase.dll+0x21bb2]
C  [KERNEL32.DLL+0x17344]
C  [ntdll.dll+0x526b1]


---------------  P R O C E S S  ---------------

Threads class SMR info:
_java_thread_list=0x00007ff85954c058, length=0, elements={
}

Java Threads: ( => current thread )

Other Threads:
  0x000001884c171010 GCTaskThread "GC Thread#0" [stack: 0x0000004dcb900000,0x0000004dcba00000] [id=11428]
  0x000001884c181d60 ConcurrentGCThread "G1 Main Marker" [stack: 0x0000004dcba00000,0x0000004dcbb00000] [id=10696]
  0x000001884c182770 ConcurrentGCThread "G1 Conc#0" [stack: 0x0000004dcbb00000,0x0000004dcbc00000] [id=14360]

[error occurred during error reporting (printing all threads), id 0xc0000005, EXCEPTION_ACCESS_VIOLATION (0xc0000005) at pc=0x00007ff858d00797]

VM state: not at safepoint (not fully initialized)

VM Mutex/Monitor currently owned by a thread:  ([mutex/lock_event])
[0x000001884c102eb0] Heap_lock - owner thread: 0x000001884c107bf0

Heap address: 0x0000000701e00000, size: 4066 MB, Compressed Oops mode: Zero based, Oop shift amount: 3

CDS archive(s) mapped at: [0x0000000000000000-0x0000000000000000-0x0000000000000000), size 0, SharedBaseAddress: 0x0000000800000000, ArchiveRelocationMode: 0.
Narrow klass base: 0x0000000000000000, Narrow klass shift: 0, Narrow klass range: 0x0

GC Precious Log:
<Empty>

Heap:
 garbage-first heap   total 0K, used 0K [0x0000000701e00000, 0x0000000800000000)
  region size 2048K, 0 young (0K), 0 survivors (0K)

[error occurred during error reporting (printing heap information), id 0xc0000005, EXCEPTION_ACCESS_VIOLATION (0xc0000005) at pc=0x00007ff8590eda89]

GC Heap History (0 events):
No events

Dll operation events (1 events):
Event: 0.008 Loaded shared library C:\Program Files\Android\Android Studio1\jbr\bin\java.dll

Deoptimization events (0 events):
No events

Classes unloaded (0 events):
No events

Classes redefined (0 events):
No events

Internal exceptions (0 events):
No events

VM Operations (0 events):
No events

Events (0 events):
No events


Dynamic libraries:
0x00007ff6994b0000 - 0x00007ff6994ba000 	C:\Program Files\Android\Android Studio1\jbr\bin\java.exe
0x00007ff87e510000 - 0x00007ff87e708000 	C:\WINDOWS\SYSTEM32\ntdll.dll
0x00007ff87d060000 - 0x00007ff87d11d000 	C:\WINDOWS\System32\KERNEL32.DLL
0x00007ff87b7e0000 - 0x00007ff87bad6000 	C:\WINDOWS\System32\KERNELBASE.dll
0x00007ff87b550000 - 0x00007ff87b650000 	C:\WINDOWS\System32\ucrtbase.dll
0x00007ff863950000 - 0x00007ff863967000 	C:\Program Files\Android\Android Studio1\jbr\bin\jli.dll
0x00007ff876e40000 - 0x00007ff876e5b000 	C:\Program Files\Android\Android Studio1\jbr\bin\VCRUNTIME140.dll
0x00007ff87d8c0000 - 0x00007ff87da5f000 	C:\WINDOWS\System32\USER32.dll
0x00007ff87b7b0000 - 0x00007ff87b7d2000 	C:\WINDOWS\System32\win32u.dll
0x00007ff86a9e0000 - 0x00007ff86ac7a000 	C:\WINDOWS\WinSxS\amd64_microsoft.windows.common-controls_6595b64144ccf1df_6.0.19041.3636_none_60b6a03d71f818d5\COMCTL32.dll
0x00007ff87c4c0000 - 0x00007ff87c4eb000 	C:\WINDOWS\System32\GDI32.dll
0x00007ff87b230000 - 0x00007ff87b347000 	C:\WINDOWS\System32\gdi32full.dll
0x00007ff87e410000 - 0x00007ff87e4ae000 	C:\WINDOWS\System32\msvcrt.dll
0x00007ff87bae0000 - 0x00007ff87bb7d000 	C:\WINDOWS\System32\msvcp_win.dll
0x00007ff87dac0000 - 0x00007ff87daf2000 	C:\WINDOWS\System32\IMM32.DLL
0x00007ff8788e0000 - 0x00007ff8788ec000 	C:\Program Files\Android\Android Studio1\jbr\bin\vcruntime140_1.dll
0x00007ff85a250000 - 0x00007ff85a2dd000 	C:\Program Files\Android\Android Studio1\jbr\bin\msvcp140.dll
0x00007ff858a10000 - 0x00007ff85967e000 	C:\Program Files\Android\Android Studio1\jbr\bin\server\jvm.dll
0x00007ff87c940000 - 0x00007ff87c9f0000 	C:\WINDOWS\System32\ADVAPI32.dll
0x00007ff87bb90000 - 0x00007ff87bc30000 	C:\WINDOWS\System32\sechost.dll
0x00007ff87cf30000 - 0x00007ff87d053000 	C:\WINDOWS\System32\RPCRT4.dll
0x00007ff87b1d0000 - 0x00007ff87b1f7000 	C:\WINDOWS\System32\bcrypt.dll
0x00007ff86d050000 - 0x00007ff86d077000 	C:\WINDOWS\SYSTEM32\WINMM.dll
0x00007ff86cab0000 - 0x00007ff86cab9000 	C:\WINDOWS\SYSTEM32\WSOCK32.dll
0x00007ff876100000 - 0x00007ff87610a000 	C:\WINDOWS\SYSTEM32\VERSION.dll
0x00007ff87c690000 - 0x00007ff87c6fb000 	C:\WINDOWS\System32\WS2_32.dll
0x00007ff879050000 - 0x00007ff879062000 	C:\WINDOWS\SYSTEM32\kernel.appcore.dll
0x00007ff876c50000 - 0x00007ff876c5a000 	C:\Program Files\Android\Android Studio1\jbr\bin\jimage.dll
0x00007ff86d0e0000 - 0x00007ff86d2c4000 	C:\WINDOWS\SYSTEM32\DBGHELP.DLL
0x00007ff86d010000 - 0x00007ff86d044000 	C:\WINDOWS\SYSTEM32\dbgcore.DLL
0x00007ff87b3a0000 - 0x00007ff87b422000 	C:\WINDOWS\System32\bcryptPrimitives.dll
0x00007ff876170000 - 0x00007ff876195000 	C:\Program Files\Android\Android Studio1\jbr\bin\java.dll

dbghelp: loaded successfully - version: 4.0.5 - missing functions: none
symbol engine: initialized successfully - sym options: 0x614 - pdb path: .;C:\Program Files\Android\Android Studio1\jbr\bin;C:\WINDOWS\SYSTEM32;C:\WINDOWS\WinSxS\amd64_microsoft.windows.common-controls_6595b64144ccf1df_6.0.19041.3636_none_60b6a03d71f818d5;C:\Program Files\Android\Android Studio1\jbr\bin\server

VM Arguments:
java_command: git4idea.http.GitAskPassApp Username for 'https://github.com': 
java_class_path (initial): C:/Program Files/Android/Android Studio1/plugins/vcs-git/lib/git4idea-rt.jar;C:/Program Files/Android/Android Studio1/lib/externalProcess-rt.jar;C:/Program Files/Android/Android Studio1/lib/app.jar;C:/Program Files/Android/Android Studio1/lib/3rd-party-rt.jar
Launcher Type: SUN_STANDARD

[Global flags]
     intx CICompilerCount                          = 3                                         {product} {ergonomic}
     uint ConcGCThreads                            = 1                                         {product} {ergonomic}
     uint G1ConcRefinementThreads                  = 4                                         {product} {ergonomic}
   size_t G1HeapRegionSize                         = 2097152                                   {product} {ergonomic}
    uintx GCDrainStackTargetSize                   = 64                                        {product} {ergonomic}
   size_t InitialHeapSize                          = 268435456                                 {product} {ergonomic}
   size_t MarkStackSize                            = 4194304                                   {product} {ergonomic}
   size_t MaxHeapSize                              = 4263510016                                {product} {ergonomic}
   size_t MinHeapDeltaBytes                        = 2097152                                   {product} {ergonomic}
   size_t MinHeapSize                              = 8388608                                   {product} {ergonomic}
    uintx NonNMethodCodeHeapSize                   = 5832780                                {pd product} {ergonomic}
    uintx NonProfiledCodeHeapSize                  = 122912730                              {pd product} {ergonomic}
    uintx ProfiledCodeHeapSize                     = 122912730                              {pd product} {ergonomic}
    uintx ReservedCodeCacheSize                    = 251658240                              {pd product} {ergonomic}
     bool SegmentedCodeCache                       = true                                      {product} {ergonomic}
   size_t SoftMaxHeapSize                          = 4263510016                             {manageable} {ergonomic}
     bool UseCompressedClassPointers               = true                           {product lp64_product} {ergonomic}
     bool UseCompressedOops                        = true                           {product lp64_product} {ergonomic}
     bool UseG1GC                                  = true                                      {product} {ergonomic}
     bool UseLargePagesIndividualAllocation        = false                                  {pd product} {ergonomic}

Logging:
Log output configuration:
 #0: stdout all=warning uptime,level,tags
 #1: stderr all=off uptime,level,tags

Environment Variables:
JAVA_HOME=C:\Program Files\Java\jdk-17
PATH=C:\Program Files\Git\mingw64\libexec\git-core;C:\Program Files\Git\mingw64\libexec\git-core;C:\Program Files\Git\mingw64\bin;C:\Program Files\Git\usr\bin;C:\Users\drodriguez\bin;C:\Python312\Scripts;C:\Python312;C:\Program Files\Java\jdk-17\bin;C:\Python311\Scripts;C:\Python311;C:\Program Files (x86)\VMware\VMware Player\bin;C:\Program Files\Common Files\Oracle\Java\javapath;C:\Python39\Scripts;C:\Python39;C:\Program Files (x86)\Common Files\Oracle\Java\javapath;C:\ProgramData\Oracle\Java\javapath;C:\Program Files (x86)\Intel\iCLS Client;C:\Program Files\Intel\iCLS Client;C:\Windows\system32;C:\Windows;C:\Windows\System32\Wbem;C:\Windows\System32\WindowsPowerShell\v1.0;C:\Program Files (x86)\Intel\OpenCL SDK\2.0\bin\x86;C:\Program Files (x86)\Intel\OpenCL SDK\2.0\bin\x64;C:\Program Files\Intel\Intel(R) Management Engine Components\DAL;C:\Program Files\Intel\Intel(R) Management Engine Components\IPT;C:\Program Files (x86)\Intel\Intel(R) Management Engine Components\DAL;C:\Program Files (x86)\Intel\Intel(R) Management Engine Components\IPT;C:\Program Files (x86)\ATI Technologies\ATI.ACE\Core-Static;C:\Program Files\Microsoft SQL Server\130\Tools\Binn;C:\Users\usuario\.dnx\bin;C:\Program Files\Microsoft DNX\Dnvm;C:\Program Files\Git\cmd;C:\Gradle\gradle-5.6.2\bin;C:\adb;C:\WINDOWS\system32;C:\WINDOWS;C:\WINDOWS\System32\Wbem;C:\WINDOWS\System32\WindowsPowerShell\v1.0;C:\WINDOWS\System32\OpenSSH;C:\Program Files (x86)\Microsoft SQL Server\150\DTS\Binn;C:\ProgramData\chocolatey\bin;C:\Program Files\dotnet;C:\Program Files\Microsoft SQL Server\150\Tools\Binn;C:\Program Files\Microsoft SQL Server\Client SDK\ODBC\170\Tools\Binn;C:\Program Files\Azure Data Studio\bin;C:\Users\drodriguez\AppData\Local\Android\Sdk;C:\Users\drodriguez\AppData\Roaming\nvm;C:\Program Files\nodejs;C:\gradle\gradle-7.6.1\bin;C:\Program Files\nodejs;C:\Users\drodriguez\AppData\Local\Microsoft\WindowsApps;C:\Users\drodriguez\.dotnet\tools;C:\Program Files\JetBrains\IntelliJ IDEA Community Edition 2
USERNAME=aajenjo
DISPLAY=:0.0
LC_ALL=en_US.UTF-8
TERM=cygwin
TMPDIR=C:\Users\DRODRI~1\AppData\Local\Temp
OS=Windows_NT
PROCESSOR_IDENTIFIER=Intel64 Family 6 Model 58 Stepping 9, GenuineIntel
TMP=C:\Users\DRODRI~1\AppData\Local\Temp
TEMP=C:\Users\DRODRI~1\AppData\Local\Temp


JNI global refs:

[error occurred during error reporting (JNI global references), id 0xc0000005, EXCEPTION_ACCESS_VIOLATION (0xc0000005) at pc=0x00007ff858ac7a10]


---------------  S Y S T E M  ---------------

OS:
 Windows 10 , 64 bit Build 19041 (10.0.19041.3636)
OS uptime: 0 days 3:15 hours
Hyper-V role detected

CPU: total 4 (initial active 4) (4 cores per cpu, 1 threads per core) family 6 model 58 stepping 9 microcode 0x21, cx8, cmov, fxsr, mmx, sse, sse2, sse3, ssse3, sse4.1, sse4.2, popcnt, tsc, tscinvbit, avx, aes, erms, clmul, vzeroupper, clflush, hv

Memory: 4k page, system-wide physical 16258M (1874M free)
TotalPageFile size 16258M (AvailPageFile size 235M)
current process WorkingSet (physical memory assigned to process): 10M, peak: 10M
current process commit charge ("private bytes"): 51M, peak: 307M

vm_info: OpenJDK 64-Bit Server VM (17.0.6+0-b2043.56-10027231) for windows-amd64 JRE (17.0.6+0-b2043.56-10027231), built on Apr 28 2023 00:43:19 by "androidbuild" with MS VC++ 16.10 / 16.11 (VS2019)

END.
